##############################InitThread start##############################"
enter"
sendCmd, cmd: 0x0, outDataSize: 0x4, recvBufSize: 0x0"
enter"
purpose: WINBIO_PURPOSE_IDENTIFY"
Power Isolate:ON"
recv completed, cmd: 0xb0, len: 3"
Thread 1C70 created, Entry: wbdi.00007FF922620770
INT3 breakpoint at <wbdi.EntryPoint> (00007FF922622370)!
get ack for cmd: 0x0"
sendCmd, cmd: 0xd6, outDataSize: 0x2, recvBufSize: 0x1"
recv completed, cmd: 0xb0, len: 3"
get ack for cmd: 0xd6"
recv completed, cmd: 0xd6, len: 2"
get data for cmd 0xd6"
process completed, cmd: 0xd6, outBufSize: 1, dataInSize: 1"
switch to fdt down"
enter"
sendCmd, cmd: 0x32, outDataSize: 0x16, recvBufSize: 0x0"
recv completed, cmd: 0xb0, len: 3"
get ack for cmd: 0x32"
exit"
exit"
##############################InitThread end##############################"
INT3 breakpoint at <wbdi.EntryPoint> (00007FF922622370)!
Thread 16A8 exit
sendCmd, cmd: 0xae, outDataSize: 0x3, recvBufSize: 0x0"
recv completed, cmd: 0xb0, len: 3"
get ack for cmd: 0xae"
recv completed, cmd: 0xae, len: 3"
get data for cmd 0xae"
process completed, cmd: 0xae, outBufSize: 0, dataInSize: 2"
Wait For Tls Handshake over!"
switch to fdt down"
enter"
sendCmd, cmd: 0x32, outDataSize: 0x16, recvBufSize: 0x0"
recv completed, cmd: 0xb0, len: 3"
get ack for cmd: 0x32"
exit"
exit"
recv completed, cmd: 0x32, len: 25"
no pending cmd, ignore"
cmd: 0x32, interrupt: 0x2"
fdt touch flag: 0x3f0"
no pending cmd(0x32), ignore"
##############################HandleFdtDown start##############################"
update fdt up base"
sendCmd, cmd: 0x20, outDataSize: 0x2, recvBufSize: 0x4a40"
recv completed, cmd: 0xb0, len: 3"
Thread 17DC created, Entry: wbdi.00007FF922620770
INT3 breakpoint at <wbdi.EntryPoint> (00007FF922622370)!
get ack for cmd: 0x20"
tls_state = 0x10"
recv completed, cmd: 0x20, len: 14793"
image type: normal"
get data for cmd 0x20"
process completed, cmd: 0x20, outBufSize: 19008, dataInSize: 19008"
Image_isTouchedByFinger: finger"
INT3 breakpoint at <wbdi.preprocessor> (00007FF922624720)!
"preprocessor: quality %d, coverage %d"6268
quality = 62, coverage = 68"
quality = 62, coverage = 68"
enter"
exit"
update fdt up base..."
Entry"
Thread 1714 created, Entry: wbdi.00007FF9225E3040
sendCmd, cmd: 0x36, outDataSize: 0x16, recvBufSize: 0x14"
Match:0"
INT3 breakpoint at <wbdi.EntryPoint> (00007FF922622370)!
UnknownId:0"
gCurrSessionState:6"
recv completed, cmd: 0xb0, len: 3"
get ack for cmd: 0x36"
recv completed, cmd: 0x36, len: 25"
cmd: 0x36, interrupt: 0x100"
get data for cmd 0x36"
fdt touch flag: 0x3f4"
sendCmd, cmd: 0xc6, outDataSize: 0x1, recvBufSize: 0x0"
process completed, cmd: 0x36, outBufSize: 20, dataInSize: 20"
update fdt up base"
Elapsed time : 102ms"
switch to fdt up"
enter"
recv completed, cmd: 0xb0, len: 3"
get ack for cmd: 0xc6"
recv completed, cmd: 0xc6, len: 2"
enter"
not esd, exit"
get data for cmd 0xc6"
process completed, cmd: 0xc6, outBufSize: 0, dataInSize: 2"
Exit"
recv completed, cmd: 0xb0, len: 3"
get ack for cmd: 0x34"
exit"
##############################HandleFdtDown end##############################"
Entry"
Match:1"
UnknownId:0"
gCurrSessionState:6"
Exit"
enter"
purpose: WINBIO_PURPOSE_ENROLL"
identify failed, set led state"
sendCmd, cmd: 0xc6, outDataSize: 0x1, recvBufSize: 0x0"
recv completed, cmd: 0xb0, len: 3"
get ack for cmd: 0xc6"
recv completed, cmd: 0xc6, len: 2"
get data for cmd 0xc6"
enter"
process completed, cmd: 0xc6, outBufSize: 0, dataInSize: 2"
not esd, exit"
pbshield already enabled"
switch to fdt up"
enter"
sendCmd, cmd: 0x34, outDataSize: 0x16, recvBufSize: 0x0"
recv completed, cmd: 0xb0, len: 3"
get ack for cmd: 0x34"
exit"
exit"
Operate registry success!"
INT3 breakpoint at <wbdi.EntryPoint> (00007FF922622370)!
Thread 1714 exit
recv completed, cmd: 0x34, len: 25"
no pending cmd, ignore"
cmd: 0x34, interrupt: 0x200"
no pending cmd(0x34), ignore"
##############################HandleFdtUp start##############################"
update fdt down base"
enter"
sendCmd, cmd: 0x32, outDataSize: 0x16, recvBufSize: 0x0"
recv completed, cmd: 0xb0, len: 3"
get ack for cmd: 0x32"
exit"
##############################HandleFdtUp end##############################"
recv completed, cmd: 0x32, len: 25"
no pending cmd, ignore"
cmd: 0x32, interrupt: 0x2"
fdt touch flag: 0x3f0"
no pending cmd(0x32), ignore"
##############################HandleFdtDown start##############################"
update fdt up base"
sendCmd, cmd: 0x20, outDataSize: 0x2, recvBufSize: 0x4a40"
recv completed, cmd: 0xb0, len: 3"
get ack for cmd: 0x20"
tls_state = 0x10"
recv completed, cmd: 0x20, len: 14793"
image type: normal"
get data for cmd 0x20"
process completed, cmd: 0x20, outBufSize: 19008, dataInSize: 19008"
Image_isTouchedByFinger: finger"
INT3 breakpoint at <wbdi.preprocessor> (00007FF922624720)!
"preprocessor: quality %d, coverage %d"7370
quality = 73, coverage = 70"
quality = 73, coverage = 70"
enter"
exit"
update fdt up base..."
sendCmd, cmd: 0x36, outDataSize: 0x16, recvBufSize: 0x14"
recv completed, cmd: 0xb0, len: 3"
get ack for cmd: 0x36"
enter"
purpose: WINBIO_PURPOSE_ENROLL"
identify failed, set led state"
recv completed, cmd: 0x36, len: 25"
get data for cmd 0x36"
sendCmd, cmd: 0xc6, outDataSize: 0x1, recvBufSize: 0x0"
cmd: 0x36, interrupt: 0x100"
fdt touch flag: 0x3fc"
process completed, cmd: 0x36, outBufSize: 20, dataInSize: 20"
update fdt up base"
Elapsed time : 102ms"
switch to fdt up"
recv completed, cmd: 0xb0, len: 3"
enter"
get ack for cmd: 0xc6"
recv completed, cmd: 0xc6, len: 2"
enter"
get data for cmd 0xc6"
not esd, exit"
process completed, cmd: 0xc6, outBufSize: 0, dataInSize: 2"
sendCmd, cmd: 0x34, outDataSize: 0x16, recvBufSize: 0x0"
pbshield already enabled"
switch to fdt up"
enter"
recv completed, cmd: 0xb0, len: 3"
get ack for cmd: 0x34"
exit"
##############################HandleFdtDown end##############################"
sendCmd, cmd: 0x34, outDataSize: 0x16, recvBufSize: 0x0"
recv completed, cmd: 0xb0, len: 3"
get ack for cmd: 0x34"
exit"
exit"
recv completed, cmd: 0x34, len: 25"
no pending cmd, ignore"
cmd: 0x34, interrupt: 0x200"
no pending cmd(0x34), ignore"
##############################HandleFdtUp start##############################"
update fdt down base"
enter"
sendCmd, cmd: 0x32, outDataSize: 0x16, recvBufSize: 0x0"
recv completed, cmd: 0xb0, len: 3"
get ack for cmd: 0x32"
exit"
##############################HandleFdtUp end##############################"
recv completed, cmd: 0x32, len: 25"
no pending cmd, ignore"
cmd: 0x32, interrupt: 0x2"
fdt touch flag: 0x3f0"
no pending cmd(0x32), ignore"
##############################HandleFdtDown start##############################"
update fdt up base"
sendCmd, cmd: 0x20, outDataSize: 0x2, recvBufSize: 0x4a40"
recv completed, cmd: 0xb0, len: 3"
get ack for cmd: 0x20"
tls_state = 0x10"
recv completed, cmd: 0x20, len: 14793"
image type: normal"
get data for cmd 0x20"
process completed, cmd: 0x20, outBufSize: 19008, dataInSize: 19008"
Image_isTouchedByFinger: finger"
INT3 breakpoint at <wbdi.preprocessor> (00007FF922624720)!
"preprocessor: quality %d, coverage %d"6072
quality = 60, coverage = 72"
quality = 60, coverage = 72"
enter"
exit"
update fdt up base..."
sendCmd, cmd: 0x36, outDataSize: 0x16, recvBufSize: 0x14"
recv completed, cmd: 0xb0, len: 3"
get ack for cmd: 0x36"
recv completed, cmd: 0x36, len: 25"
get data for cmd 0x36"
cmd: 0x36, interrupt: 0x100"
fdt touch flag: 0x3fc"
process completed, cmd: 0x36, outBufSize: 20, dataInSize: 20"
update fdt up base"
Elapsed time : 101ms"
switch to fdt up"
enter"
sendCmd, cmd: 0x34, outDataSize: 0x16, recvBufSize: 0x0"
enter"
purpose: WINBIO_PURPOSE_ENROLL"
identify failed, set led state"
recv completed, cmd: 0xb0, len: 3"
get ack for cmd: 0x34"
exit"
sendCmd, cmd: 0xc6, outDataSize: 0x1, recvBufSize: 0x0"
##############################HandleFdtDown end##############################"
recv completed, cmd: 0xb0, len: 3"
get ack for cmd: 0xc6"
recv completed, cmd: 0xc6, len: 2"
enter"
get data for cmd 0xc6"
not esd, exit"
process completed, cmd: 0xc6, outBufSize: 0, dataInSize: 2"
pbshield already enabled"
switch to fdt up"
enter"
sendCmd, cmd: 0x34, outDataSize: 0x16, recvBufSize: 0x0"
recv completed, cmd: 0xb0, len: 3"
get ack for cmd: 0x34"
exit"
exit"
recv completed, cmd: 0x34, len: 25"
no pending cmd, ignore"
cmd: 0x34, interrupt: 0x200"
no pending cmd(0x34), ignore"
##############################HandleFdtUp start##############################"
update fdt down base"
enter"
sendCmd, cmd: 0x32, outDataSize: 0x16, recvBufSize: 0x0"
recv completed, cmd: 0xb0, len: 3"
get ack for cmd: 0x32"
exit"
##############################HandleFdtUp end##############################"
recv completed, cmd: 0x32, len: 25"
no pending cmd, ignore"
cmd: 0x32, interrupt: 0x2"
fdt touch flag: 0x3f0"
no pending cmd(0x32), ignore"
##############################HandleFdtDown start##############################"
update fdt up base"
sendCmd, cmd: 0x20, outDataSize: 0x2, recvBufSize: 0x4a40"
recv completed, cmd: 0xb0, len: 3"
get ack for cmd: 0x20"
tls_state = 0x10"
recv completed, cmd: 0x20, len: 14793"
image type: normal"
get data for cmd 0x20"
process completed, cmd: 0x20, outBufSize: 19008, dataInSize: 19008"
Image_isTouchedByFinger: finger"
INT3 breakpoint at <wbdi.preprocessor> (00007FF922624720)!
"preprocessor: quality %d, coverage %d"5358
quality = 53, coverage = 58"
quality = 53, coverage = 58"
enter"
exit"
update fdt up base..."
sendCmd, cmd: 0x36, outDataSize: 0x16, recvBufSize: 0x14"
enter"
purpose: WINBIO_PURPOSE_ENROLL"
identify failed, set led state"
recv completed, cmd: 0xb0, len: 3"
get ack for cmd: 0x36"
recv completed, cmd: 0x36, len: 25"
get data for cmd 0x36"
cmd: 0x36, interrupt: 0x100"
fdt touch flag: 0x3f0"
sendCmd, cmd: 0xc6, outDataSize: 0x1, recvBufSize: 0x0"
process completed, cmd: 0x36, outBufSize: 20, dataInSize: 20"
update fdt up base"
Elapsed time : 117ms"
switch to fdt up"
recv completed, cmd: 0xb0, len: 3"
enter"
get ack for cmd: 0xc6"
recv completed, cmd: 0xc6, len: 2"
enter"
not esd, exit"
get data for cmd 0xc6"
process completed, cmd: 0xc6, outBufSize: 0, dataInSize: 2"
sendCmd, cmd: 0x34, outDataSize: 0x16, recvBufSize: 0x0"
pbshield already enabled"
switch to fdt up"
enter"
recv completed, cmd: 0xb0, len: 3"
get ack for cmd: 0x34"
exit"
sendCmd, cmd: 0x34, outDataSize: 0x16, recvBufSize: 0x0"
##############################HandleFdtDown end##############################"
recv completed, cmd: 0xb0, len: 3"
get ack for cmd: 0x34"
exit"
exit"
recv completed, cmd: 0x34, len: 25"
no pending cmd, ignore"
cmd: 0x34, interrupt: 0x200"
no pending cmd(0x34), ignore"
##############################HandleFdtUp start##############################"
update fdt down base"
enter"
sendCmd, cmd: 0x32, outDataSize: 0x16, recvBufSize: 0x0"
recv completed, cmd: 0xb0, len: 3"
get ack for cmd: 0x32"
exit"
##############################HandleFdtUp end##############################"
recv completed, cmd: 0x32, len: 25"
no pending cmd, ignore"
cmd: 0x32, interrupt: 0x2"
fdt touch flag: 0x3f0"
no pending cmd(0x32), ignore"
##############################HandleFdtDown start##############################"
update fdt up base"
sendCmd, cmd: 0x20, outDataSize: 0x2, recvBufSize: 0x4a40"
recv completed, cmd: 0xb0, len: 3"
get ack for cmd: 0x20"
tls_state = 0x10"
recv completed, cmd: 0x20, len: 14793"
image type: normal"
get data for cmd 0x20"
process completed, cmd: 0x20, outBufSize: 19008, dataInSize: 19008"
Image_isTouchedByFinger: finger"
INT3 breakpoint at <wbdi.preprocessor> (00007FF922624720)!
"preprocessor: quality %d, coverage %d"7659
quality = 76, coverage = 59"
quality = 76, coverage = 59"
enter"
exit"
update fdt up base..."
sendCmd, cmd: 0x36, outDataSize: 0x16, recvBufSize: 0x14"
enter"
purpose: WINBIO_PURPOSE_ENROLL"
identify failed, set led state"
recv completed, cmd: 0xb0, len: 3"
get ack for cmd: 0x36"
recv completed, cmd: 0x36, len: 25"
cmd: 0x36, interrupt: 0x100"
get data for cmd 0x36"
fdt touch flag: 0x3f0"
process completed, cmd: 0x36, outBufSize: 20, dataInSize: 20"
update fdt up base"
Elapsed time : 104ms"
switch to fdt up"
enter"
sendCmd, cmd: 0x34, outDataSize: 0x16, recvBufSize: 0x0"
recv completed, cmd: 0xb0, len: 3"
get ack for cmd: 0x34"
exit"
sendCmd, cmd: 0xc6, outDataSize: 0x1, recvBufSize: 0x0"
##############################HandleFdtDown end##############################"
recv completed, cmd: 0xb0, len: 3"
get ack for cmd: 0xc6"
recv completed, cmd: 0xc6, len: 2"
enter"
process completed, cmd: 0xc6, outBufSize: 0, dataInSize: 2"
not esd, exit"
pbshield already enabled"
switch to fdt up"
enter"
sendCmd, cmd: 0x34, outDataSize: 0x16, recvBufSize: 0x0"
recv completed, cmd: 0xb0, len: 3"
get ack for cmd: 0x34"
exit"
exit"
recv completed, cmd: 0x34, len: 25"
no pending cmd, ignore"
cmd: 0x34, interrupt: 0x200"
no pending cmd(0x34), ignore"
##############################HandleFdtUp start##############################"
update fdt down base"
enter"
sendCmd, cmd: 0x32, outDataSize: 0x16, recvBufSize: 0x0"
recv completed, cmd: 0xb0, len: 3"
get ack for cmd: 0x32"
exit"
##############################HandleFdtUp end##############################"
recv completed, cmd: 0x32, len: 25"
no pending cmd, ignore"
cmd: 0x32, interrupt: 0x2"
fdt touch flag: 0x3fc"
no pending cmd(0x32), ignore"
##############################HandleFdtDown start##############################"
update fdt up base"
sendCmd, cmd: 0x20, outDataSize: 0x2, recvBufSize: 0x4a40"
recv completed, cmd: 0xb0, len: 3"
get ack for cmd: 0x20"
tls_state = 0x10"
recv completed, cmd: 0x20, len: 14793"
get data for cmd 0x20"
image type: normal"
process completed, cmd: 0x20, outBufSize: 19008, dataInSize: 19008"
Image_isTouchedByFinger: finger"
INT3 breakpoint at <wbdi.preprocessor> (00007FF922624720)!
"preprocessor: quality %d, coverage %d"7494
quality = 74, coverage = 94"
quality = 74, coverage = 94"
enter"
exit"
update fdt up base..."
sendCmd, cmd: 0x36, outDataSize: 0x16, recvBufSize: 0x14"
recv completed, cmd: 0xb0, len: 3"
get ack for cmd: 0x36"
enter"
purpose: WINBIO_PURPOSE_ENROLL"
identify failed, set led state"
recv completed, cmd: 0x36, len: 25"
get data for cmd 0x36"
cmd: 0x36, interrupt: 0x100"
sendCmd, cmd: 0xc6, outDataSize: 0x1, recvBufSize: 0x0"
fdt touch flag: 0x3fc"
process completed, cmd: 0x36, outBufSize: 20, dataInSize: 20"
update fdt up base"
Elapsed time : 107ms"
switch to fdt up"
recv completed, cmd: 0xb0, len: 3"
enter"
get ack for cmd: 0xc6"
recv completed, cmd: 0xc6, len: 2"
enter"
get data for cmd 0xc6"
not esd, exit"
process completed, cmd: 0xc6, outBufSize: 0, dataInSize: 2"
sendCmd, cmd: 0x34, outDataSize: 0x16, recvBufSize: 0x0"
pbshield already enabled"
switch to fdt up"
enter"
recv completed, cmd: 0xb0, len: 3"
get ack for cmd: 0x34"
exit"
sendCmd, cmd: 0x34, outDataSize: 0x16, recvBufSize: 0x0"
##############################HandleFdtDown end##############################"
recv completed, cmd: 0xb0, len: 3"
get ack for cmd: 0x34"
exit"
exit"
recv completed, cmd: 0x34, len: 25"
no pending cmd, ignore"
cmd: 0x34, interrupt: 0x200"
no pending cmd(0x34), ignore"
##############################HandleFdtUp start##############################"
update fdt down base"
enter"
sendCmd, cmd: 0x32, outDataSize: 0x16, recvBufSize: 0x0"
recv completed, cmd: 0xb0, len: 3"
get ack for cmd: 0x32"
exit"
##############################HandleFdtUp end##############################"
recv completed, cmd: 0x32, len: 25"
no pending cmd, ignore"
cmd: 0x32, interrupt: 0x2"
fdt touch flag: 0x3fc"
no pending cmd(0x32), ignore"
##############################HandleFdtDown start##############################"
update fdt up base"
sendCmd, cmd: 0x20, outDataSize: 0x2, recvBufSize: 0x4a40"
recv completed, cmd: 0xb0, len: 3"
get ack for cmd: 0x20"
tls_state = 0x10"
recv completed, cmd: 0x20, len: 14793"
image type: normal"
get data for cmd 0x20"
process completed, cmd: 0x20, outBufSize: 19008, dataInSize: 19008"
Image_isTouchedByFinger: finger"
INT3 breakpoint at <wbdi.preprocessor> (00007FF922624720)!
"preprocessor: quality %d, coverage %d"7589
quality = 75, coverage = 89"
quality = 75, coverage = 89"
enter"
exit"
update fdt up base..."
sendCmd, cmd: 0x36, outDataSize: 0x16, recvBufSize: 0x14"
recv completed, cmd: 0xb0, len: 3"
get ack for cmd: 0x36"
recv completed, cmd: 0x36, len: 25"
cmd: 0x36, interrupt: 0x100"
get data for cmd 0x36"
fdt touch flag: 0x3fe"
process completed, cmd: 0x36, outBufSize: 20, dataInSize: 20"
update fdt up base"
Elapsed time : 102ms"
switch to fdt up"
enter"
sendCmd, cmd: 0x34, outDataSize: 0x16, recvBufSize: 0x0"
recv completed, cmd: 0xb0, len: 3"
get ack for cmd: 0x34"
exit"
##############################HandleFdtDown end##############################"
enter"
purpose: WINBIO_PURPOSE_ENROLL"
identify failed, set led state"
sendCmd, cmd: 0xc6, outDataSize: 0x1, recvBufSize: 0x0"
recv completed, cmd: 0xb0, len: 3"
get ack for cmd: 0xc6"
recv completed, cmd: 0xc6, len: 2"
enter"
get data for cmd 0xc6"
not esd, exit"
process completed, cmd: 0xc6, outBufSize: 0, dataInSize: 2"
pbshield already enabled"
switch to fdt up"
enter"
sendCmd, cmd: 0x34, outDataSize: 0x16, recvBufSize: 0x0"
recv completed, cmd: 0xb0, len: 3"
get ack for cmd: 0x34"
exit"
exit"
recv completed, cmd: 0x34, len: 25"
no pending cmd, ignore"
cmd: 0x34, interrupt: 0x200"
no pending cmd(0x34), ignore"
##############################HandleFdtUp start##############################"
update fdt down base"
enter"
sendCmd, cmd: 0x32, outDataSize: 0x16, recvBufSize: 0x0"
recv completed, cmd: 0xb0, len: 3"
get ack for cmd: 0x32"
exit"
##############################HandleFdtUp end##############################"
recv completed, cmd: 0x32, len: 25"
no pending cmd, ignore"
cmd: 0x32, interrupt: 0x2"
fdt touch flag: 0xff"
no pending cmd(0x32), ignore"
##############################HandleFdtDown start##############################"
update fdt up base"
sendCmd, cmd: 0x20, outDataSize: 0x2, recvBufSize: 0x4a40"
INT3 breakpoint at <wbdi.EntryPoint> (00007FF922622370)!
Thread 17DC exit
enter"
exit"
Entry"
Exit"
activate = 0"
Wait For Tls Handshake over!"
Power Isolate:OFF"