
INT3 breakpoint at <goodixengineadapter.enrolStartEx> (00007FFC3B94E8E0)!
[pid:  7532][tid:  2840][03-14 16:54:37.950][debug][EngineAdapter.cpp][EngineAdapterCreateEnrollment:1601] >> hr:0\n"
[pid:  7532][tid:  2840][03-14 16:54:39.154][ info][EngineAdapter.cpp][EngineAdapterAcceptSampleData:0890] >> Start time: 26659918ms\n"
[pid:  7532][tid:  2840][03-14 16:54:39.169][debug][GxlogicAlgorithm.c][IsNeedRollback          :0120] >> now overlay: 0, maxOverlayRatio:100\n"
[pid:  7532][tid:  2840][03-14 16:54:39.185][debug][GxlogicAlgorithm.c][IsNeedRollback          :0123] >> now preoverlay: 0, maxPreoverlayRatio:100\n"
[pid:  7532][tid:  2840][03-14 16:54:39.185][debug][GxlogicAlgorithm.c][updateEnrollstatus      :0508] >> Progress:5 NUsernum:1\n"
[pid:  7532][tid:  2840][03-14 16:54:39.185][debug][EngineAdapter.cpp][EngineAdapterUpdateEnrollment:1661] >> EnrollmentCount:1\n"
[pid:  7532][tid:  2840][03-14 16:54:39.185][ info][EngineAdapter.cpp][EngineAdapterUpdateEnrollment:1691] >> Enrollment elapsed time : 26ms\n"
[pid:  7532][tid:  2840][03-14 16:54:41.747][ info][EngineAdapter.cpp][EngineAdapterAcceptSampleData:0890] >> Start time: 26662511ms\n"
[pid:  7532][tid:  2840][03-14 16:54:41.763][debug][GxlogicAlgorithm.c][IsNeedRollback          :0120] >> now overlay: 0, maxOverlayRatio:100\n"
[pid:  7532][tid:  2840][03-14 16:54:41.763][debug][GxlogicAlgorithm.c][IsNeedRollback          :0123] >> now preoverlay: 0, maxPreoverlayRatio:100\n"
[pid:  7532][tid:  2840][03-14 16:54:41.763][debug][GxlogicAlgorithm.c][updateEnrollstatus      :0508] >> Progress:11 NUsernum:2\n"
[pid:  7532][tid:  2840][03-14 16:54:41.763][debug][EngineAdapter.cpp][EngineAdapterUpdateEnrollment:1661] >> EnrollmentCount:2\n"
[pid:  7532][tid:  2840][03-14 16:54:41.763][ info][EngineAdapter.cpp][EngineAdapterUpdateEnrollment:1691] >> Enrollment elapsed time : 18ms\n"
[pid:  7532][tid:  2840][03-14 16:54:44.185][ info][EngineAdapter.cpp][EngineAdapterAcceptSampleData:0890] >> Start time: 26664948ms\n"
[pid:  7532][tid:  2840][03-14 16:54:44.216][debug][GxlogicAlgorithm.c][IsNeedRollback          :0120] >> now overlay: 0, maxOverlayRatio:100\n"
[pid:  7532][tid:  2840][03-14 16:54:44.216][debug][GxlogicAlgorithm.c][IsNeedRollback          :0123] >> now preoverlay: 0, maxPreoverlayRatio:100\n"
[pid:  7532][tid:  2840][03-14 16:54:44.216][debug][GxlogicAlgorithm.c][updateEnrollstatus      :0508] >> Progress:17 NUsernum:3\n"
[pid:  7532][tid:  2840][03-14 16:54:44.216][debug][EngineAdapter.cpp][EngineAdapterUpdateEnrollment:1661] >> EnrollmentCount:3\n"
[pid:  7532][tid:  2840][03-14 16:54:44.216][ info][EngineAdapter.cpp][EngineAdapterUpdateEnrollment:1691] >> Enrollment elapsed time : 37ms\n"
[pid:  7532][tid:  2840][03-14 16:54:45.732][ info][EngineAdapter.cpp][EngineAdapterAcceptSampleData:0890] >> Start time: 26666501ms\n"
[pid:  7532][tid:  2840][03-14 16:54:45.763][debug][GxlogicAlgorithm.c][IsNeedRollback          :0120] >> now overlay: 0, maxOverlayRatio:100\n"
[pid:  7532][tid:  2840][03-14 16:54:45.778][debug][GxlogicAlgorithm.c][IsNeedRollback          :0123] >> now preoverlay: 0, maxPreoverlayRatio:100\n"
[pid:  7532][tid:  2840][03-14 16:54:45.778][debug][GxlogicAlgorithm.c][updateEnrollstatus      :0508] >> Progress:23 NUsernum:4\n"
[pid:  7532][tid:  2840][03-14 16:54:45.778][debug][EngineAdapter.cpp][EngineAdapterUpdateEnrollment:1661] >> EnrollmentCount:4\n"
[pid:  7532][tid:  2840][03-14 16:54:45.778][ info][EngineAdapter.cpp][EngineAdapterUpdateEnrollment:1691] >> Enrollment elapsed time : 39ms\n"
[pid:  7532][tid:  2840][03-14 16:54:47.122][ info][EngineAdapter.cpp][EngineAdapterAcceptSampleData:0890] >> Start time: 26667885ms\n"
[pid:  7532][tid:  2840][03-14 16:54:47.154][debug][GxlogicAlgorithm.c][IsNeedRollback          :0120] >> now overlay: 0, maxOverlayRatio:100\n"
[pid:  7532][tid:  2840][03-14 16:54:47.154][debug][GxlogicAlgorithm.c][IsNeedRollback          :0123] >> now preoverlay: 0, maxPreoverlayRatio:100\n"
[pid:  7532][tid:  2840][03-14 16:54:47.154][debug][GxlogicAlgorithm.c][updateEnrollstatus      :0508] >> Progress:29 NUsernum:5\n"
[pid:  7532][tid:  2840][03-14 16:54:47.154][debug][EngineAdapter.cpp][EngineAdapterUpdateEnrollment:1661] >> EnrollmentCount:5\n"
[pid:  7532][tid:  2840][03-14 16:54:47.154][ info][EngineAdapter.cpp][EngineAdapterUpdateEnrollment:1691] >> Enrollment elapsed time : 35ms\n"
[pid:  7532][tid:  2840][03-14 16:54:49.748][ info][EngineAdapter.cpp][EngineAdapterAcceptSampleData:0890] >> Start time: 26670516ms\n"
???
[pid:  7532][tid:  2840][03-14 16:54:49.763][debug][EngineAdapter.cpp][RejectDetailFromTouchFlagG:0849] >> Touchflag:3f0\n"
[pid:  7532][tid:  2840][03-14 16:54:49.763][debug][EngineAdapter.cpp][RejectDetailFromTouchFlagG:0852] >> number couont:6\n"
[pid:  7532][tid:  2840][03-14 16:54:49.763][debug][EngineAdapter.cpp][EngineAdapterAcceptSampleData:1007] >> RejectDetail:0x1\n"
[pid:  7532][tid:  2840][03-14 16:54:50.982][ info][EngineAdapter.cpp][EngineAdapterAcceptSampleData:0890] >> Start time: 26671736ms\n"
[pid:  7532][tid:  2840][03-14 16:54:51.013][debug][GxlogicAlgorithm.c][IsNeedRollback          :0120] >> now overlay: 1, maxOverlayRatio:100\n"
[pid:  7532][tid:  2840][03-14 16:54:51.013][debug][GxlogicAlgorithm.c][IsNeedRollback          :0123] >> now preoverlay: 0, maxPreoverlayRatio:100\n"
[pid:  7532][tid:  2840][03-14 16:54:51.013][debug][GxlogicAlgorithm.c][updateEnrollstatus      :0508] >> Progress:35 NUsernum:6\n"
[pid:  7532][tid:  2840][03-14 16:54:51.013][debug][EngineAdapter.cpp][EngineAdapterUpdateEnrollment:1661] >> EnrollmentCount:6\n"
[pid:  7532][tid:  2840][03-14 16:54:51.013][ info][EngineAdapter.cpp][EngineAdapterUpdateEnrollment:1691] >> Enrollment elapsed time : 46ms\n"
[pid:  7532][tid:  2840][03-14 16:54:52.357][ info][EngineAdapter.cpp][EngineAdapterAcceptSampleData:0890] >> Start time: 26673124ms\n"
[pid:  7532][tid:  2840][03-14 16:54:52.404][debug][GxlogicAlgorithm.c][IsNeedRollback          :0120] >> now overlay: 32, maxOverlayRatio:100\n"
[pid:  7532][tid:  2840][03-14 16:54:52.404][debug][GxlogicAlgorithm.c][IsNeedRollback          :0123] >> now preoverlay: 24, maxPreoverlayRatio:100\n"
[pid:  7532][tid:  2840][03-14 16:54:52.404][debug][GxlogicAlgorithm.c][updateEnrollstatus      :0508] >> Progress:41 NUsernum:7\n"
[pid:  7532][tid:  2840][03-14 16:54:52.404][debug][EngineAdapter.cpp][EngineAdapterUpdateEnrollment:1661] >> EnrollmentCount:7\n"
[pid:  7532][tid:  2840][03-14 16:54:52.404][ info][EngineAdapter.cpp][EngineAdapterUpdateEnrollment:1691] >> Enrollment elapsed time : 43ms\n"
[pid:  7532][tid:  2840][03-14 16:54:53.904][ info][EngineAdapter.cpp][EngineAdapterAcceptSampleData:0890] >> Start time: 26674663ms\n"
[pid:  7532][tid:  2840][03-14 16:54:53.966][debug][GxlogicAlgorithm.c][IsNeedRollback          :0120] >> now overlay: 0, maxOverlayRatio:100\n"
[pid:  7532][tid:  2840][03-14 16:54:53.966][debug][GxlogicAlgorithm.c][IsNeedRollback          :0123] >> now preoverlay: 0, maxPreoverlayRatio:100\n"
[pid:  7532][tid:  2840][03-14 16:54:53.966][debug][GxlogicAlgorithm.c][updateEnrollstatus      :0508] >> Progress:47 NUsernum:8\n"
[pid:  7532][tid:  2840][03-14 16:54:53.966][debug][EngineAdapter.cpp][EngineAdapterUpdateEnrollment:1661] >> EnrollmentCount:8\n"
[pid:  7532][tid:  2840][03-14 16:54:53.966][ info][EngineAdapter.cpp][EngineAdapterUpdateEnrollment:1691] >> Enrollment elapsed time : 63ms\n"
[pid:  7532][tid:  2840][03-14 16:54:54.888][ info][EngineAdapter.cpp][EngineAdapterAcceptSampleData:0890] >> Start time: 26675656ms\n"
[pid:  7532][tid:  2840][03-14 16:54:54.903][debug][EngineAdapter.cpp][EngineAdapterAcceptSampleData:0982] >> now coverage : 60 minImageCoverage: 65\n"
[pid:  7532][tid:  2840][03-14 16:54:54.903][debug][EngineAdapter.cpp][RejectDetailFromTouchFlagG:0849] >> Touchflag:3f0\n"
[pid:  7532][tid:  2840][03-14 16:54:54.903][debug][EngineAdapter.cpp][RejectDetailFromTouchFlagG:0852] >> number couont:6\n"
[pid:  7532][tid:  2840][03-14 16:54:54.903][debug][EngineAdapter.cpp][EngineAdapterAcceptSampleData:1007] >> RejectDetail:0x1\n"
[pid:  7532][tid:  2840][03-14 16:54:56.123][ info][EngineAdapter.cpp][EngineAdapterAcceptSampleData:0890] >> Start time: 26676893ms\n"
[pid:  7532][tid:  2840][03-14 16:54:56.185][debug][GxlogicAlgorithm.c][IsNeedRollback          :0120] >> now overlay: 96, maxOverlayRatio:100\n"
[pid:  7532][tid:  2840][03-14 16:54:56.185][debug][GxlogicAlgorithm.c][IsNeedRollback          :0123] >> now preoverlay: 0, maxPreoverlayRatio:100\n"
[pid:  7532][tid:  2840][03-14 16:54:56.185][debug][GxlogicAlgorithm.c][updateEnrollstatus      :0508] >> Progress:52 NUsernum:9\n"
[pid:  7532][tid:  2840][03-14 16:54:56.185][debug][EngineAdapter.cpp][EngineAdapterUpdateEnrollment:1661] >> EnrollmentCount:9\n"
[pid:  7532][tid:  2840][03-14 16:54:56.185][ info][EngineAdapter.cpp][EngineAdapterUpdateEnrollment:1691] >> Enrollment elapsed time : 57ms\n"
[pid:  7532][tid:  2840][03-14 16:55:05.487][ info][EngineAdapter.cpp][EngineAdapterAcceptSampleData:0890] >> Start time: 26686248ms\n"
[pid:  7532][tid:  2840][03-14 16:55:05.534][debug][GxlogicAlgorithm.c][IsNeedRollback          :0120] >> now overlay: 37, maxOverlayRatio:100\n"
[pid:  7532][tid:  2840][03-14 16:55:05.534][debug][GxlogicAlgorithm.c][IsNeedRollback          :0123] >> now preoverlay: 0, maxPreoverlayRatio:100\n"
[pid:  7532][tid:  2840][03-14 16:55:05.550][debug][GxlogicAlgorithm.c][updateEnrollstatus      :0508] >> Progress:58 NUsernum:10\n"
[pid:  7532][tid:  2840][03-14 16:55:05.550][debug][EngineAdapter.cpp][EngineAdapterUpdateEnrollment:1661] >> EnrollmentCount:10\n"
[pid:  7532][tid:  2840][03-14 16:55:05.550][ info][EngineAdapter.cpp][EngineAdapterUpdateEnrollment:1691] >> Enrollment elapsed time : 62ms\n"
[pid:  7532][tid:  2840][03-14 16:55:06.534][ info][EngineAdapter.cpp][EngineAdapterAcceptSampleData:0890] >> Start time: 26687299ms\n"
[pid:  7532][tid:  2840][03-14 16:55:06.597][debug][GxlogicAlgorithm.c][IsNeedRollback          :0120] >> now overlay: 90, maxOverlayRatio:100\n"
[pid:  7532][tid:  2840][03-14 16:55:06.597][debug][GxlogicAlgorithm.c][IsNeedRollback          :0123] >> now preoverlay: 0, maxPreoverlayRatio:100\n"
[pid:  7532][tid:  2840][03-14 16:55:06.597][debug][GxlogicAlgorithm.c][updateEnrollstatus      :0508] >> Progress:64 NUsernum:11\n"
[pid:  7532][tid:  2840][03-14 16:55:06.597][debug][EngineAdapter.cpp][EngineAdapterUpdateEnrollment:1661] >> EnrollmentCount:11\n"
[pid:  7532][tid:  2840][03-14 16:55:06.597][ info][EngineAdapter.cpp][EngineAdapterUpdateEnrollment:1691] >> Enrollment elapsed time : 60ms\n"
[pid:  7532][tid:  2840][03-14 16:55:07.503][ info][EngineAdapter.cpp][EngineAdapterAcceptSampleData:0890] >> Start time: 26688273ms\n"
[pid:  7532][tid:  2840][03-14 16:55:07.565][debug][GxlogicAlgorithm.c][IsNeedRollback          :0120] >> now overlay: 87, maxOverlayRatio:100\n"
[pid:  7532][tid:  2840][03-14 16:55:07.565][debug][GxlogicAlgorithm.c][IsNeedRollback          :0123] >> now preoverlay: 0, maxPreoverlayRatio:100\n"
[pid:  7532][tid:  2840][03-14 16:55:07.581][debug][GxlogicAlgorithm.c][updateEnrollstatus      :0508] >> Progress:70 NUsernum:12\n"
[pid:  7532][tid:  2840][03-14 16:55:07.581][debug][EngineAdapter.cpp][EngineAdapterUpdateEnrollment:1661] >> EnrollmentCount:12\n"
[pid:  7532][tid:  2840][03-14 16:55:07.581][ info][EngineAdapter.cpp][EngineAdapterUpdateEnrollment:1691] >> Enrollment elapsed time : 66ms\n"
[pid:  7532][tid:  2840][03-14 16:55:09.284][ info][EngineAdapter.cpp][EngineAdapterAcceptSampleData:0890] >> Start time: 26690041ms\n"
[pid:  7532][tid:  2840][03-14 16:55:09.378][debug][GxlogicAlgorithm.c][IsNeedRollback          :0120] >> now overlay: 100, maxOverlayRatio:100\n"
[pid:  7532][tid:  2840][03-14 16:55:09.378][debug][GxlogicAlgorithm.c][IsNeedRollback          :0123] >> now preoverlay: 0, maxPreoverlayRatio:100\n"
[pid:  7532][tid:  2840][03-14 16:55:09.378][debug][GxlogicAlgorithm.c][updateEnrollstatus      :0508] >> Progress:76 NUsernum:13\n"
[pid:  7532][tid:  2840][03-14 16:55:09.378][debug][EngineAdapter.cpp][EngineAdapterUpdateEnrollment:1661] >> EnrollmentCount:13\n"
[pid:  7532][tid:  2840][03-14 16:55:09.378][ info][EngineAdapter.cpp][EngineAdapterUpdateEnrollment:1691] >> Enrollment elapsed time : 102ms\n"
[pid:  7532][tid:  2840][03-14 16:55:10.300][ info][EngineAdapter.cpp][EngineAdapterAcceptSampleData:0890] >> Start time: 26691060ms\n"
[pid:  7532][tid:  2840][03-14 16:55:10.362][debug][GxlogicAlgorithm.c][IsNeedRollback          :0120] >> now overlay: 100, maxOverlayRatio:100\n"
[pid:  7532][tid:  2840][03-14 16:55:10.362][debug][GxlogicAlgorithm.c][IsNeedRollback          :0123] >> now preoverlay: 61, maxPreoverlayRatio:100\n"
[pid:  7532][tid:  2840][03-14 16:55:10.362][debug][GxlogicAlgorithm.c][updateEnrollstatus      :0508] >> Progress:82 NUsernum:14\n"
[pid:  7532][tid:  2840][03-14 16:55:10.362][debug][EngineAdapter.cpp][EngineAdapterUpdateEnrollment:1661] >> EnrollmentCount:14\n"
[pid:  7532][tid:  2840][03-14 16:55:10.362][ info][EngineAdapter.cpp][EngineAdapterUpdateEnrollment:1691] >> Enrollment elapsed time : 67ms\n"
[pid:  7532][tid:  2840][03-14 16:55:11.362][ info][EngineAdapter.cpp][EngineAdapterAcceptSampleData:0890] >> Start time: 26692122ms\n"
[pid:  7532][tid:  2840][03-14 16:55:11.362][debug][EngineAdapter.cpp][EngineAdapterAcceptSampleData:0982] >> now coverage : 56 minImageCoverage: 65\n"
[pid:  7532][tid:  2840][03-14 16:55:11.362][debug][EngineAdapter.cpp][RejectDetailFromTouchFlagG:0849] >> Touchflag:3f0\n"
[pid:  7532][tid:  2840][03-14 16:55:11.362][debug][EngineAdapter.cpp][RejectDetailFromTouchFlagG:0852] >> number couont:6\n"
[pid:  7532][tid:  2840][03-14 16:55:11.362][debug][EngineAdapter.cpp][EngineAdapterAcceptSampleData:1007] >> RejectDetail:0x1\n"
[pid:  7532][tid:  2840][03-14 16:55:12.315][ info][EngineAdapter.cpp][EngineAdapterAcceptSampleData:0890] >> Start time: 26693085ms\n"
[pid:  7532][tid:  2840][03-14 16:55:12.331][debug][EngineAdapter.cpp][EngineAdapterAcceptSampleData:0982] >> now coverage : 62 minImageCoverage: 65\n"
[pid:  7532][tid:  2840][03-14 16:55:12.331][debug][EngineAdapter.cpp][RejectDetailFromTouchFlagG:0849] >> Touchflag:7d\n"
[pid:  7532][tid:  2840][03-14 16:55:12.331][debug][EngineAdapter.cpp][RejectDetailFromTouchFlagG:0852] >> number couont:6\n"
[pid:  7532][tid:  2840][03-14 16:55:12.331][debug][EngineAdapter.cpp][EngineAdapterAcceptSampleData:1007] >> RejectDetail:0x9\n"
[pid:  7532][tid:  2840][03-14 16:55:13.065][ info][EngineAdapter.cpp][EngineAdapterAcceptSampleData:0890] >> Start time: 26693835ms\n"
[pid:  7532][tid:  2840][03-14 16:55:13.143][debug][GxlogicAlgorithm.c][IsNeedRollback          :0120] >> now overlay: 100, maxOverlayRatio:100\n"
[pid:  7532][tid:  2840][03-14 16:55:13.159][debug][GxlogicAlgorithm.c][IsNeedRollback          :0123] >> now preoverlay: 62, maxPreoverlayRatio:100\n"
[pid:  7532][tid:  2840][03-14 16:55:13.159][debug][GxlogicAlgorithm.c][updateEnrollstatus      :0508] >> Progress:88 NUsernum:15\n"
[pid:  7532][tid:  2840][03-14 16:55:13.159][debug][EngineAdapter.cpp][EngineAdapterUpdateEnrollment:1661] >> EnrollmentCount:15\n"
[pid:  7532][tid:  2840][03-14 16:55:13.159][ info][EngineAdapter.cpp][EngineAdapterUpdateEnrollment:1691] >> Enrollment elapsed time : 82ms\n"
[pid:  7532][tid:  2840][03-14 16:55:13.925][ info][EngineAdapter.cpp][EngineAdapterAcceptSampleData:0890] >> Start time: 26694690ms\n"
[pid:  7532][tid:  2840][03-14 16:55:14.003][debug][GxlogicAlgorithm.c][IsNeedRollback          :0120] >> now overlay: 0, maxOverlayRatio:100\n"
[pid:  7532][tid:  2840][03-14 16:55:14.003][debug][GxlogicAlgorithm.c][IsNeedRollback          :0123] >> now preoverlay: 0, maxPreoverlayRatio:100\n"
[pid:  7532][tid:  2840][03-14 16:55:14.003][debug][GxlogicAlgorithm.c][updateEnrollstatus      :0508] >> Progress:94 NUsernum:16\n"
[pid:  7532][tid:  2840][03-14 16:55:14.003][debug][EngineAdapter.cpp][EngineAdapterUpdateEnrollment:1661] >> EnrollmentCount:16\n"
[pid:  7532][tid:  2840][03-14 16:55:14.003][ info][EngineAdapter.cpp][EngineAdapterUpdateEnrollment:1691] >> Enrollment elapsed time : 81ms\n"
[pid:  7532][tid:  2840][03-14 16:55:15.160][ info][EngineAdapter.cpp][EngineAdapterAcceptSampleData:0890] >> Start time: 26695931ms\n"
[pid:  7532][tid:  2840][03-14 16:55:15.177][debug][EngineAdapter.cpp][EngineAdapterAcceptSampleData:0982] >> now coverage : 51 minImageCoverage: 65\n"
[pid:  7532][tid:  2840][03-14 16:55:15.177][debug][EngineAdapter.cpp][RejectDetailFromTouchFlagG:0849] >> Touchflag:3f\n"
[pid:  7532][tid:  2840][03-14 16:55:15.177][debug][EngineAdapter.cpp][RejectDetailFromTouchFlagG:0852] >> number couont:6\n"
[pid:  7532][tid:  2840][03-14 16:55:15.177][debug][EngineAdapter.cpp][EngineAdapterAcceptSampleData:1007] >> RejectDetail:0x2\n"
[pid:  7532][tid:  2840][03-14 16:55:16.972][ info][EngineAdapter.cpp][EngineAdapterAcceptSampleData:0890] >> Start time: 26697737ms\n"
[pid:  7532][tid:  2840][03-14 16:55:16.972][debug][EngineAdapter.cpp][EngineAdapterAcceptSampleData:0982] >> now coverage : 61 minImageCoverage: 65\n"
[pid:  7532][tid:  2840][03-14 16:55:16.972][debug][EngineAdapter.cpp][RejectDetailFromTouchFlagG:0849] >> Touchflag:3f\n"
[pid:  7532][tid:  2840][03-14 16:55:16.987][debug][EngineAdapter.cpp][RejectDetailFromTouchFlagG:0852] >> number couont:6\n"
[pid:  7532][tid:  2840][03-14 16:55:16.987][debug][EngineAdapter.cpp][EngineAdapterAcceptSampleData:1007] >> RejectDetail:0x2\n"
[pid:  7532][tid:  2840][03-14 16:55:18.065][ info][EngineAdapter.cpp][EngineAdapterAcceptSampleData:0890] >> Start time: 26698835ms\n"
[pid:  7532][tid:  2840][03-14 16:55:18.143][debug][GxlogicAlgorithm.c][IsNeedRollback          :0120] >> now overlay: 100, maxOverlayRatio:100\n"
[pid:  7532][tid:  2840][03-14 16:55:18.143][debug][GxlogicAlgorithm.c][IsNeedRollback          :0123] >> now preoverlay: 0, maxPreoverlayRatio:100\n"
[pid:  7532][tid:  2840][03-14 16:55:18.143][debug][GxlogicAlgorithm.c][updateEnrollstatus      :0508] >> Progress:100 NUsernum:17\n"
INT3 breakpoint at <goodixengineadapter.enrolGetTemplate> (00007FFC3B94E860)!
INT3 breakpoint at <goodixengineadapter.templateGetPackedSize> (00007FFC3B94F2C0)!
INT3 breakpoint at <goodixengineadapter.templatePack> (00007FFC3B94F310)!
[pid:  7532][tid:  2840][03-14 16:55:18.143][debug][EngineAdapter.cpp][EngineAdapterUpdateEnrollment:1661] >> EnrollmentCount:17\n"
[pid:  7532][tid:  2840][03-14 16:55:18.143][ info][EngineAdapter.cpp][EngineAdapterUpdateEnrollment:1691] >> Enrollment elapsed time : 78ms\n"
DebugString: "onecore\ds\security\biometrics\adapters\storage_adapter\dll\storageadapter.cpp(1963)\WINBIOSTORAGEADAPTER.DLL!00007FFC635AFF19: (caller: 00007FFC57076685) LogHr(2) tid(b18) 8009801F     CallContext:[\AdapterCall]"
DebugString: "onecore\ds\security\biometrics\adapters\storage_adapter\dll\storageadapter.cpp(1963)\WINBIOSTORAGEADAPTER.DLL!00007FFC635AFF19: (caller: 00007FFC57076685) LogHr(2) tid(b18) 8009801F     CallContext:[\AdapterCall]"
[pid:  7532][tid:  2840][03-14 16:55:18.159][debug][GxlogicAlgorithm.c][GetTemplateSize         :1102] >> Enroll PayloadSize:97167\n"
[pid:  7532][tid:  2840][03-14 16:55:18.159][debug][EngineAdapter.cpp][EngineAdapterCommitEnrollment:1992] >> TemplateBlobSize:97167\n"
[pid:  7532][tid:  2840][03-14 16:55:18.159][debug][  Additional.cpp][_CreateTid              :0587] >> {6D95CA82-D72B-4B57-8D68-9A55B517BE9C}\n"
[pid:  7532][tid:  2840][03-14 16:55:18.159][debug][  Additional.cpp][_CreateTid              :0587] >> {329D3A86-96D2-4D2A-BE65-6272F1748DD4}\n"
[pid:  7532][tid:  2840][03-14 16:55:18.159][debug][       AlgImpl.c][_LogicAlgConvert2TemplateNode:0096] >> Create new template node\n"
INT3 breakpoint at <goodixengineadapter.enrolFinish> (00007FFC3B94E7F0)!
[pid:  7532][tid:  2840][03-14 16:55:20.972][ info][  Additional.cpp][_AdapterActivate        :0728] >> Entry. IoControl to WBDI : active 0\n"
[pid:  7532][tid:  2840][03-14 16:55:21.018][debug][  Additional.cpp][_AdapterActivate        :0752] >> broken study flag is: 1, Exit, hr = 0x0\n"
[pid:  7532][tid:  2840][03-14 16:55:21.018][debug][EngineAdapter.cpp][EngineAdapterDeactivate :2366] >> templatesize:0 needupdate:No\n"
Thread B18 exit